  CompraTicket.cpp
C:\Users\josel\OneDrive\Escritorio\proyecto pogra1\proyectoFinal\ProyectoFinal\MySQLConnector.h(30,27): warning C4101: 'ex': variable local sin referencia
  (compilando archivo de origen "/CompraTicket.cpp")
  
  CppCLR_WinFormsProject.cpp
C:\Users\josel\OneDrive\Escritorio\proyecto pogra1\proyectoFinal\ProyectoFinal\MySQLConnector.h(30,27): warning C4101: 'ex': variable local sin referencia
  (compilando archivo de origen "/CppCLR_WinFormsProject.cpp")
  
  LoginEmpleados.cpp
C:\Users\josel\OneDrive\Escritorio\proyecto pogra1\proyectoFinal\ProyectoFinal\MySQLConnector.h(30,27): warning C4101: 'ex': variable local sin referencia
  (compilando archivo de origen "/LoginEmpleados.cpp")
  
  MenuEmpleados.cpp
C:\Users\josel\OneDrive\Escritorio\proyecto pogra1\proyectoFinal\ProyectoFinal\MySQLConnector.h(30,27): warning C4101: 'ex': variable local sin referencia
  (compilando archivo de origen "/MenuEmpleados.cpp")
  
  RegistroCompras.cpp
C:\Users\josel\OneDrive\Escritorio\proyecto pogra1\proyectoFinal\ProyectoFinal\MySQLConnector.h(30,27): warning C4101: 'ex': variable local sin referencia
  (compilando archivo de origen "/RegistroCompras.cpp")
  
  Generando código...
C:\Users\josel\OneDrive\Escritorio\proyecto pogra1\proyectoFinal\ProyectoFinal\RegistroCompras.h(196): warning C4715: 'ProyectoFinal::RegistroCompras::ObtenerUsuarios': no todas las rutas de acceso de control devuelven un valor
C:\Users\josel\OneDrive\Escritorio\proyecto pogra1\proyectoFinal\ProyectoFinal\RegistroCompras.h(196): warning C4715: 'ProyectoFinal::RegistroCompras::ObtenerUsuarios': no todas las rutas de acceso de control devuelven un valor
C:\Users\josel\OneDrive\Escritorio\proyecto pogra1\proyectoFinal\ProyectoFinal\MostrarRutas.h(134): warning C4715: 'ProyectoFinal::MostrarRutas::ObtenerUsuarios': no todas las rutas de acceso de control devuelven un valor
C:\Users\josel\OneDrive\Escritorio\proyecto pogra1\proyectoFinal\ProyectoFinal\RegistroCompras.h(196): warning C4715: 'ProyectoFinal::RegistroCompras::ObtenerUsuarios': no todas las rutas de acceso de control devuelven un valor
C:\Users\josel\OneDrive\Escritorio\proyecto pogra1\proyectoFinal\ProyectoFinal\MostrarRutas.h(134): warning C4715: 'ProyectoFinal::MostrarRutas::ObtenerUsuarios': no todas las rutas de acceso de control devuelven un valor
C:\Users\josel\OneDrive\Escritorio\proyecto pogra1\proyectoFinal\ProyectoFinal\RutasParaClientes.h(166): warning C4715: 'ProyectoFinal::RutasParaClientes::ObtenerUsuarios': no todas las rutas de acceso de control devuelven un valor
C:\Users\josel\OneDrive\Escritorio\proyecto pogra1\proyectoFinal\ProyectoFinal\RegistroCompras.h(196): warning C4715: 'ProyectoFinal::RegistroCompras::ObtenerUsuarios': no todas las rutas de acceso de control devuelven un valor
C:\Users\josel\OneDrive\Escritorio\proyecto pogra1\proyectoFinal\ProyectoFinal\MostrarRutas.h(134): warning C4715: 'ProyectoFinal::MostrarRutas::ObtenerUsuarios': no todas las rutas de acceso de control devuelven un valor
C:\Users\josel\OneDrive\Escritorio\proyecto pogra1\proyectoFinal\ProyectoFinal\RutasParaClientes.h(166): warning C4715: 'ProyectoFinal::RutasParaClientes::ObtenerUsuarios': no todas las rutas de acceso de control devuelven un valor
C:\Users\josel\OneDrive\Escritorio\proyecto pogra1\proyectoFinal\ProyectoFinal\RegistroCompras.h(196): warning C4715: 'ProyectoFinal::RegistroCompras::ObtenerUsuarios': no todas las rutas de acceso de control devuelven un valor
C:\Users\josel\OneDrive\Escritorio\proyecto pogra1\proyectoFinal\ProyectoFinal\MostrarRutas.h(134): warning C4715: 'ProyectoFinal::MostrarRutas::ObtenerUsuarios': no todas las rutas de acceso de control devuelven un valor
  AssemblyInfo.obj : se encontró un módulo MSIL; vinculación incremental deshabilitada para MSIL; ejecutando vínculo completo
  ProyectoFinal.vcxproj -> C:\Users\josel\OneDrive\Escritorio\proyecto pogra1\proyectoFinal\x64\Debug\ProyectoFinal.exe
